<?xml version="1.0" encoding="UTF-8"?>
<testsuite name="hashtable.QuadraticProbingHashTableTest" tests="4" skipped="0" failures="0" errors="0" timestamp="2022-01-12T16:37:23" hostname="Romans-MacBook-Air.local" time="1.158">
  <properties/>
  <testcase name="load_into_file_test()" classname="hashtable.QuadraticProbingHashTableTest" time="1.103"/>
  <testcase name="should_contain_only_two_elements()" classname="hashtable.QuadraticProbingHashTableTest" time="0.04"/>
  <testcase name="should_remove_element_if_exists_in_table()" classname="hashtable.QuadraticProbingHashTableTest" time="0.004"/>
  <testcase name="get_should_return_expected_elements()" classname="hashtable.QuadraticProbingHashTableTest" time="0.002"/>
  <system-out><![CDATA[]]></system-out>
  <system-err><![CDATA[ERROR StatusLogger Log4j2 could not find a logging implementation. Please add log4j-core to the classpath. Using SimpleLogger to log to the console...
]]></system-err>
</testsuite>
