<?xml version="1.0" encoding="UTF-8"?>
<testsuite name="hashtable.QuadraticProbingHashTableTest" tests="1" skipped="0" failures="0" errors="0" timestamp="2022-01-19T10:43:13" hostname="Romans-MacBook-Air.local" time="16.674">
  <properties/>
  <testcase name="resolve_collision_test()" classname="hashtable.QuadraticProbingHashTableTest" time="16.674"/>
  <system-out><![CDATA[]]></system-out>
  <system-err><![CDATA[]]></system-err>
</testsuite>
